  正在验证源
  正在将源远程复制到“192.168.177.143”
  正在验证体系结构
  正在验证体系结构
  正在启动远程生成
  正在编译源:
  Server.c
E:\Desktop\WebServer-Ze\SimpleHttp\SimpleHttp\Server.c(107,24): warning : conversion from ‘ssize_t’ {aka ‘long int’} to ‘int’ may change value [-Wconversion]
E:\Desktop\WebServer-Ze\SimpleHttp\SimpleHttp\Server.c(110,52): warning : conversion to ‘size_t’ {aka ‘long unsigned int’} from ‘int’ may change the sign of the result [-Wsign-conversion]
E:\Desktop\WebServer-Ze\SimpleHttp\SimpleHttp\Server.c(110,52): warning :   110 |                         memcpy(buf + offset, temp, len);
E:\Desktop\WebServer-Ze\SimpleHttp\SimpleHttp\Server.c(110,52): warning :       |                                                    ^~~
E:\Desktop\WebServer-Ze\SimpleHttp\SimpleHttp\Server.c(119,30): warning : conversion from ‘long int’ to ‘int’ may change value [-Wconversion]
E:\Desktop\WebServer-Ze\SimpleHttp\SimpleHttp\Server.c(119,30): warning :   119 |                 int reqLen = pt - buf;
E:\Desktop\WebServer-Ze\SimpleHttp\SimpleHttp\Server.c(119,30): warning :       |                              ^~
E:\Desktop\WebServer-Ze\SimpleHttp\SimpleHttp\Server.c(272,66): warning : conversion from ‘__off_t’ {aka ‘long int’} to ‘int’ may change value [-Wconversion]
E:\Desktop\WebServer-Ze\SimpleHttp\SimpleHttp\Server.c(288,20): warning : conversion from ‘__off_t’ {aka ‘long int’} to ‘int’ may change value [-Wconversion]
E:\Desktop\WebServer-Ze\SimpleHttp\SimpleHttp\Server.c(288,20): warning :   288 |         int size = lseek(fd, 0, SEEK_END);
E:\Desktop\WebServer-Ze\SimpleHttp\SimpleHttp\Server.c(288,20): warning :       |                    ^~~~~
E:\Desktop\WebServer-Ze\SimpleHttp\SimpleHttp\Server.c(292,54): warning : conversion to ‘size_t’ {aka ‘long unsigned int’} from ‘int’ may change the sign of the result [-Wsign-conversion]
E:\Desktop\WebServer-Ze\SimpleHttp\SimpleHttp\Server.c(292,54): warning :   292 |                 int ret = sendfile(cfd, fd, &offset, size);     // #include <sys/sendfile.h>    sendfile --> 0 copy
E:\Desktop\WebServer-Ze\SimpleHttp\SimpleHttp\Server.c(292,54): warning :       |                                                      ^~~~
E:\Desktop\WebServer-Ze\SimpleHttp\SimpleHttp\Server.c(292,27): warning : conversion from ‘ssize_t’ {aka ‘long int’} to ‘int’ may change value [-Wconversion]
E:\Desktop\WebServer-Ze\SimpleHttp\SimpleHttp\Server.c(292,27): warning :   292 |                 int ret = sendfile(cfd, fd, &offset, size);     // #include <sys/sendfile.h>    sendfile --> 0 copy
E:\Desktop\WebServer-Ze\SimpleHttp\SimpleHttp\Server.c(292,27): warning :       |                           ^~~~~~~~
  正在链接对象
  SimpleHttp.vcxproj -> E:\Desktop\WebServer-Ze\SimpleHttp\SimpleHttp\bin\x64\Debug\SimpleHttp.out
